<?xml version="1.0" encoding="UTF-8" standalone="no"?>
<testsuite errors="0" failures="0" name="io.cucumber.core.plugin.JUnitFormatter" skipped="0" tests="1" time="0.389">
    <testcase classname="Login Action" name="Successful Login with Valid Credentials" time="0.056">
        <system-out><![CDATA[Given User is on Home Page..................................................passed
When User Navigate to LogIn Page............................................passed
And User enters UserName and Password.......................................passed
Then Message displayed Login Successfully...................................passed
]]></system-out>
    </testcase>
</testsuite>
